f:\uni\uni\advanced graphics\try 2\projects\v2 - parallax mapping\dx11\dx11\frameworkdx11\x64\debug\vc142.pdb
f:\uni\uni\advanced graphics\try 2\projects\v2 - parallax mapping\dx11\dx11\frameworkdx11\x64\debug\main.obj
f:\uni\uni\advanced graphics\try 2\projects\v2 - parallax mapping\dx11\dx11\frameworkdx11\x64\debug\drawablegameobject.obj
f:\uni\uni\advanced graphics\try 2\projects\v2 - parallax mapping\dx11\dx11\frameworkdx11\x64\debug\ddstextureloader.obj
f:\uni\uni\advanced graphics\try 2\projects\v2 - parallax mapping\dx11\dx11\frameworkdx11\x64\debug\application.obj
f:\uni\uni\advanced graphics\try 2\projects\v2 - parallax mapping\dx11\dx11\frameworkdx11\x64\debug\imgui_widgets.obj
f:\uni\uni\advanced graphics\try 2\projects\v2 - parallax mapping\dx11\dx11\frameworkdx11\x64\debug\imgui_impl_win32.obj
f:\uni\uni\advanced graphics\try 2\projects\v2 - parallax mapping\dx11\dx11\frameworkdx11\x64\debug\imgui_impl_dx11.obj
f:\uni\uni\advanced graphics\try 2\projects\v2 - parallax mapping\dx11\dx11\frameworkdx11\x64\debug\imgui_draw.obj
f:\uni\uni\advanced graphics\try 2\projects\v2 - parallax mapping\dx11\dx11\frameworkdx11\x64\debug\imgui.obj
f:\uni\uni\advanced graphics\try 2\projects\v2 - parallax mapping\dx11\dx11\frameworkdx11\x64\debug\camera.obj
c:\users\buggi\desktop\dx11\dx11\dx11\frameworkdx11\x64\debug\vc142.pdb
c:\users\buggi\desktop\dx11\dx11\dx11\frameworkdx11\x64\debug\main.obj
c:\users\buggi\desktop\dx11\dx11\dx11\frameworkdx11\x64\debug\imgui_widgets.obj
c:\users\buggi\desktop\dx11\dx11\dx11\frameworkdx11\x64\debug\imgui_impl_win32.obj
c:\users\buggi\desktop\dx11\dx11\dx11\frameworkdx11\x64\debug\imgui_impl_dx11.obj
c:\users\buggi\desktop\dx11\dx11\dx11\frameworkdx11\x64\debug\imgui_draw.obj
c:\users\buggi\desktop\dx11\dx11\dx11\frameworkdx11\x64\debug\imgui.obj
c:\users\buggi\desktop\dx11\dx11\dx11\frameworkdx11\x64\debug\drawablegameobject.obj
c:\users\buggi\desktop\dx11\dx11\dx11\frameworkdx11\x64\debug\ddstextureloader.obj
c:\users\buggi\desktop\dx11\dx11\dx11\frameworkdx11\x64\debug\camera.obj
c:\users\buggi\desktop\dx11\dx11\dx11\frameworkdx11\x64\debug\application.obj
f:\uni\uni\advanced graphics\try 2\projects\v2 - parallax mapping\dx11\dx11\x64\debug\frameworkdx11.exe
f:\uni\uni\advanced graphics\try 2\projects\v2 - parallax mapping\dx11\dx11\frameworkdx11\x64\debug\frameworkdx11.ilk
f:\uni\uni\advanced graphics\try 2\projects\v2 - parallax mapping\dx11\dx11\x64\debug\frameworkdx11.pdb
c:\users\buggi\desktop\dx11\dx11\dx11\x64\debug\frameworkdx11.exe
c:\users\buggi\desktop\dx11\dx11\dx11\frameworkdx11\x64\debug\frameworkdx11.ilk
c:\users\buggi\desktop\dx11\dx11\dx11\x64\debug\frameworkdx11.pdb
f:\uni\uni\advanced graphics\try 2\projects\v2 - parallax mapping\dx11\dx11\frameworkdx11\x64\debug\tutorial01.res
c:\users\buggi\desktop\dx11\dx11\dx11\frameworkdx11\x64\debug\tutorial01.res
c:\users\buggi\desktop\dx11\dx11\dx11\x64\debug\frameworkdx11.ilk
c:\users\buggi\desktop\dx11\dx11\dx11\frameworkdx11\x64\debug\frameworkdx11.tlog\cl.command.1.tlog
c:\users\buggi\desktop\dx11\dx11\dx11\frameworkdx11\x64\debug\frameworkdx11.tlog\cl.read.1.tlog
c:\users\buggi\desktop\dx11\dx11\dx11\frameworkdx11\x64\debug\frameworkdx11.tlog\cl.write.1.tlog
c:\users\buggi\desktop\dx11\dx11\dx11\frameworkdx11\x64\debug\frameworkdx11.tlog\link.command.1.tlog
c:\users\buggi\desktop\dx11\dx11\dx11\frameworkdx11\x64\debug\frameworkdx11.tlog\link.read.1.tlog
c:\users\buggi\desktop\dx11\dx11\dx11\frameworkdx11\x64\debug\frameworkdx11.tlog\link.write.1.tlog
c:\users\buggi\desktop\dx11\dx11\dx11\frameworkdx11\x64\debug\frameworkdx11.tlog\rc.command.1.tlog
c:\users\buggi\desktop\dx11\dx11\dx11\frameworkdx11\x64\debug\frameworkdx11.tlog\rc.read.1.tlog
c:\users\buggi\desktop\dx11\dx11\dx11\frameworkdx11\x64\debug\frameworkdx11.tlog\rc.write.1.tlog
